app/build/intermediates/manifest_merge_blame_file/debug/manifest-merger-blame-debug-report.txt
1<?xml version="1.0" encoding="utf-8"?>
2<manifest xmlns:android="http://schemas.android.com/apk/res/android"
3    package="com.saihgupr.btcontrol"
4    android:versionCode="1"
5    android:versionName="1.0" >
6
7    <uses-sdk
8        android:minSdkVersion="26"
9        android:targetSdkVersion="34" />
10
11    <!-- Legacy Permissions -->
12    <uses-permission android:name="android.permission.BLUETOOTH" />
12-->src/main/AndroidManifest.xml:6:5-68
12-->src/main/AndroidManifest.xml:6:22-65
13    <uses-permission android:name="android.permission.BLUETOOTH_ADMIN" />
13-->src/main/AndroidManifest.xml:7:5-74
13-->src/main/AndroidManifest.xml:7:22-71
14
15    <!-- Android 12+ Permissions -->
16    <uses-permission android:name="android.permission.BLUETOOTH_CONNECT" />
16-->src/main/AndroidManifest.xml:10:5-76
16-->src/main/AndroidManifest.xml:10:22-73
17    <uses-permission android:name="android.permission.RECEIVE_BOOT_COMPLETED" />
17-->src/main/AndroidManifest.xml:11:5-81
17-->src/main/AndroidManifest.xml:11:22-78
18
19    <uses-feature
19-->src/main/AndroidManifest.xml:12:5-87
20        android:name="android.software.leanback"
20-->src/main/AndroidManifest.xml:12:19-59
21        android:required="false" />
21-->src/main/AndroidManifest.xml:12:60-84
22    <uses-feature
22-->src/main/AndroidManifest.xml:13:5-90
23        android:name="android.hardware.touchscreen"
23-->src/main/AndroidManifest.xml:13:19-62
24        android:required="false" />
24-->src/main/AndroidManifest.xml:13:63-87
25
26    <permission
26-->[androidx.core:core:1.9.0] AndroidManifest.xml:22:5-24:47
27        android:name="com.saihgupr.btcontrol.DYNAMIC_RECEIVER_NOT_EXPORTED_PERMISSION"
27-->[androidx.core:core:1.9.0] AndroidManifest.xml:23:9-81
28        android:protectionLevel="signature" />
28-->[androidx.core:core:1.9.0] AndroidManifest.xml:24:9-44
29
30    <uses-permission android:name="com.saihgupr.btcontrol.DYNAMIC_RECEIVER_NOT_EXPORTED_PERMISSION" />
30-->[androidx.core:core:1.9.0] AndroidManifest.xml:26:5-97
30-->[androidx.core:core:1.9.0] AndroidManifest.xml:26:22-94
31
32    <application
32-->src/main/AndroidManifest.xml:15:5-41:19
33        android:allowBackup="true"
33-->src/main/AndroidManifest.xml:16:9-35
34        android:appComponentFactory="androidx.core.app.CoreComponentFactory"
34-->[androidx.core:core:1.9.0] AndroidManifest.xml:28:18-86
35        android:debuggable="true"
36        android:extractNativeLibs="false"
37        android:label="AndroidTVBluetooth"
37-->src/main/AndroidManifest.xml:17:9-43
38        android:theme="@style/Theme.AppCompat" >
38-->src/main/AndroidManifest.xml:18:9-47
39        <activity
39-->src/main/AndroidManifest.xml:20:9-28:20
40            android:name="com.saihgupr.btcontrol.MainActivity"
40-->src/main/AndroidManifest.xml:21:13-41
41            android:exported="true" >
41-->src/main/AndroidManifest.xml:22:13-36
42            <intent-filter>
42-->src/main/AndroidManifest.xml:23:13-27:29
43                <action android:name="android.intent.action.MAIN" />
43-->src/main/AndroidManifest.xml:24:17-69
43-->src/main/AndroidManifest.xml:24:25-66
44
45                <category android:name="android.intent.category.LEANBACK_LAUNCHER" />
45-->src/main/AndroidManifest.xml:25:17-86
45-->src/main/AndroidManifest.xml:25:27-83
46                <category android:name="android.intent.category.LAUNCHER" />
46-->src/main/AndroidManifest.xml:26:17-77
46-->src/main/AndroidManifest.xml:26:27-74
47            </intent-filter>
48        </activity>
49
50        <receiver
50-->src/main/AndroidManifest.xml:30:9-39:20
51            android:name="com.saihgupr.btcontrol.BluetoothControlReceiver"
51-->src/main/AndroidManifest.xml:31:13-53
52            android:enabled="true"
52-->src/main/AndroidManifest.xml:32:13-35
53            android:exported="true" >
53-->src/main/AndroidManifest.xml:33:13-36
54            <intent-filter>
54-->src/main/AndroidManifest.xml:34:13-38:29
55                <action android:name="com.saihgupr.btcontrol.ACTION_CONNECT" />
55-->src/main/AndroidManifest.xml:35:17-80
55-->src/main/AndroidManifest.xml:35:25-77
56                <action android:name="com.saihgupr.btcontrol.ACTION_DISCONNECT" />
56-->src/main/AndroidManifest.xml:36:17-83
56-->src/main/AndroidManifest.xml:36:25-80
57                <action android:name="android.intent.action.BOOT_COMPLETED" />
57-->src/main/AndroidManifest.xml:37:17-79
57-->src/main/AndroidManifest.xml:37:25-76
58            </intent-filter>
59        </receiver>
60
61        <provider
61-->[androidx.emoji2:emoji2:1.2.0] AndroidManifest.xml:24:9-32:20
62            android:name="androidx.startup.InitializationProvider"
62-->[androidx.emoji2:emoji2:1.2.0] AndroidManifest.xml:25:13-67
63            android:authorities="com.saihgupr.btcontrol.androidx-startup"
63-->[androidx.emoji2:emoji2:1.2.0] AndroidManifest.xml:26:13-68
64            android:exported="false" >
64-->[androidx.emoji2:emoji2:1.2.0] AndroidManifest.xml:27:13-37
65            <meta-data
65-->[androidx.emoji2:emoji2:1.2.0] AndroidManifest.xml:29:13-31:52
66                android:name="androidx.emoji2.text.EmojiCompatInitializer"
66-->[androidx.emoji2:emoji2:1.2.0] AndroidManifest.xml:30:17-75
67                android:value="androidx.startup" />
67-->[androidx.emoji2:emoji2:1.2.0] AndroidManifest.xml:31:17-49
68            <meta-data
68-->[androidx.lifecycle:lifecycle-process:2.4.1] AndroidManifest.xml:31:13-33:52
69                android:name="androidx.lifecycle.ProcessLifecycleInitializer"
69-->[androidx.lifecycle:lifecycle-process:2.4.1] AndroidManifest.xml:32:17-78
70                android:value="androidx.startup" />
70-->[androidx.lifecycle:lifecycle-process:2.4.1] AndroidManifest.xml:33:17-49
71        </provider>
72    </application>
73
74</manifest>